                                      1 ;--------------------------------------------------------
                                      2 ; File Created by SDCC : free open source ANSI-C Compiler
                                      3 ; Version 3.5.0 #9253 (Mar 24 2016) (Linux)
                                      4 ; This file was generated Sun Sep  1 08:46:29 2019
                                      5 ;--------------------------------------------------------
                                      6 	.module icp_n76e003
                                      7 	.optsdcc -mmcs51 --model-small
                                      8 	
                                      9 ;--------------------------------------------------------
                                     10 ; Public variables in this module
                                     11 ;--------------------------------------------------------
                                     12 	.globl ___delay_us
                                     13 	.globl ___delay_ms
                                     14 	.globl _UIF_BUS_RST
                                     15 	.globl _UIF_TRANSFER
                                     16 	.globl _UIF_SUSPEND
                                     17 	.globl _UIF_FIFO_OV
                                     18 	.globl _U_SIE_FREE
                                     19 	.globl _U_TOG_OK
                                     20 	.globl _U_IS_NAK
                                     21 	.globl _ADC_CHAN0
                                     22 	.globl _ADC_CHAN1
                                     23 	.globl _CMP_CHAN
                                     24 	.globl _ADC_START
                                     25 	.globl _ADC_IF
                                     26 	.globl _CMP_IF
                                     27 	.globl _CMPO
                                     28 	.globl _U1RI
                                     29 	.globl _U1TI
                                     30 	.globl _U1RB8
                                     31 	.globl _U1TB8
                                     32 	.globl _U1REN
                                     33 	.globl _U1SMOD
                                     34 	.globl _U1SM0
                                     35 	.globl _S0_R_FIFO
                                     36 	.globl _S0_T_FIFO
                                     37 	.globl _S0_FREE
                                     38 	.globl _S0_IF_BYTE
                                     39 	.globl _S0_IF_FIRST
                                     40 	.globl _S0_IF_OV
                                     41 	.globl _S0_FST_ACT
                                     42 	.globl _CP_RL2
                                     43 	.globl _C_T2
                                     44 	.globl _TR2
                                     45 	.globl _EXEN2
                                     46 	.globl _TCLK
                                     47 	.globl _RCLK
                                     48 	.globl _EXF2
                                     49 	.globl _CAP1F
                                     50 	.globl _TF2
                                     51 	.globl _RI
                                     52 	.globl _TI
                                     53 	.globl _RB8
                                     54 	.globl _TB8
                                     55 	.globl _REN
                                     56 	.globl _SM2
                                     57 	.globl _SM1
                                     58 	.globl _SM0
                                     59 	.globl _IT0
                                     60 	.globl _IE0
                                     61 	.globl _IT1
                                     62 	.globl _IE1
                                     63 	.globl _TR0
                                     64 	.globl _TF0
                                     65 	.globl _TR1
                                     66 	.globl _TF1
                                     67 	.globl _RXD
                                     68 	.globl _PWM1_
                                     69 	.globl _TXD
                                     70 	.globl _PWM2_
                                     71 	.globl _AIN3
                                     72 	.globl _VBUS1
                                     73 	.globl _INT0
                                     74 	.globl _TXD1_
                                     75 	.globl _INT1
                                     76 	.globl _T0
                                     77 	.globl _RXD1_
                                     78 	.globl _PWM2
                                     79 	.globl _T1
                                     80 	.globl _UDP
                                     81 	.globl _UDM
                                     82 	.globl _TIN0
                                     83 	.globl _CAP1
                                     84 	.globl _T2
                                     85 	.globl _AIN0
                                     86 	.globl _VBUS2
                                     87 	.globl _TIN1
                                     88 	.globl _CAP2
                                     89 	.globl _T2EX
                                     90 	.globl _RXD_
                                     91 	.globl _TXD_
                                     92 	.globl _AIN1
                                     93 	.globl _UCC1
                                     94 	.globl _TIN2
                                     95 	.globl _SCS
                                     96 	.globl _CAP1_
                                     97 	.globl _T2_
                                     98 	.globl _AIN2
                                     99 	.globl _UCC2
                                    100 	.globl _TIN3
                                    101 	.globl _PWM1
                                    102 	.globl _MOSI
                                    103 	.globl _TIN4
                                    104 	.globl _RXD1
                                    105 	.globl _MISO
                                    106 	.globl _TIN5
                                    107 	.globl _TXD1
                                    108 	.globl _SCK
                                    109 	.globl _IE_SPI0
                                    110 	.globl _IE_TKEY
                                    111 	.globl _IE_USB
                                    112 	.globl _IE_ADC
                                    113 	.globl _IE_UART1
                                    114 	.globl _IE_PWMX
                                    115 	.globl _IE_GPIO
                                    116 	.globl _IE_WDOG
                                    117 	.globl _PX0
                                    118 	.globl _PT0
                                    119 	.globl _PX1
                                    120 	.globl _PT1
                                    121 	.globl _PS
                                    122 	.globl _PT2
                                    123 	.globl _PL_FLAG
                                    124 	.globl _PH_FLAG
                                    125 	.globl _EX0
                                    126 	.globl _ET0
                                    127 	.globl _EX1
                                    128 	.globl _ET1
                                    129 	.globl _ES
                                    130 	.globl _ET2
                                    131 	.globl _E_DIS
                                    132 	.globl _EA
                                    133 	.globl _P
                                    134 	.globl _F1
                                    135 	.globl _OV
                                    136 	.globl _RS0
                                    137 	.globl _RS1
                                    138 	.globl _F0
                                    139 	.globl _AC
                                    140 	.globl _CY
                                    141 	.globl _UEP1_DMA_H
                                    142 	.globl _UEP1_DMA_L
                                    143 	.globl _UEP1_DMA
                                    144 	.globl _UEP0_DMA_H
                                    145 	.globl _UEP0_DMA_L
                                    146 	.globl _UEP0_DMA
                                    147 	.globl _UEP2_3_MOD
                                    148 	.globl _UEP4_1_MOD
                                    149 	.globl _UEP3_DMA_H
                                    150 	.globl _UEP3_DMA_L
                                    151 	.globl _UEP3_DMA
                                    152 	.globl _UEP2_DMA_H
                                    153 	.globl _UEP2_DMA_L
                                    154 	.globl _UEP2_DMA
                                    155 	.globl _USB_DEV_AD
                                    156 	.globl _USB_CTRL
                                    157 	.globl _USB_INT_EN
                                    158 	.globl _UEP4_T_LEN
                                    159 	.globl _UEP4_CTRL
                                    160 	.globl _UEP0_T_LEN
                                    161 	.globl _UEP0_CTRL
                                    162 	.globl _USB_RX_LEN
                                    163 	.globl _USB_MIS_ST
                                    164 	.globl _USB_INT_ST
                                    165 	.globl _USB_INT_FG
                                    166 	.globl _UEP3_T_LEN
                                    167 	.globl _UEP3_CTRL
                                    168 	.globl _UEP2_T_LEN
                                    169 	.globl _UEP2_CTRL
                                    170 	.globl _UEP1_T_LEN
                                    171 	.globl _UEP1_CTRL
                                    172 	.globl _UDEV_CTRL
                                    173 	.globl _USB_C_CTRL
                                    174 	.globl _TKEY_DATH
                                    175 	.globl _TKEY_DATL
                                    176 	.globl _TKEY_DAT
                                    177 	.globl _TKEY_CTRL
                                    178 	.globl _ADC_DATA
                                    179 	.globl _ADC_CFG
                                    180 	.globl _ADC_CTRL
                                    181 	.globl _SBAUD1
                                    182 	.globl _SBUF1
                                    183 	.globl _SCON1
                                    184 	.globl _SPI0_SETUP
                                    185 	.globl _SPI0_CK_SE
                                    186 	.globl _SPI0_CTRL
                                    187 	.globl _SPI0_DATA
                                    188 	.globl _SPI0_STAT
                                    189 	.globl _PWM_CK_SE
                                    190 	.globl _PWM_CTRL
                                    191 	.globl _PWM_DATA1
                                    192 	.globl _PWM_DATA2
                                    193 	.globl _T2CAP1H
                                    194 	.globl _T2CAP1L
                                    195 	.globl _T2CAP1
                                    196 	.globl _TH2
                                    197 	.globl _TL2
                                    198 	.globl _T2COUNT
                                    199 	.globl _RCAP2H
                                    200 	.globl _RCAP2L
                                    201 	.globl _RCAP2
                                    202 	.globl _T2MOD
                                    203 	.globl _T2CON
                                    204 	.globl _SBUF
                                    205 	.globl _SCON
                                    206 	.globl _TH1
                                    207 	.globl _TH0
                                    208 	.globl _TL1
                                    209 	.globl _TL0
                                    210 	.globl _TMOD
                                    211 	.globl _TCON
                                    212 	.globl _XBUS_AUX
                                    213 	.globl _PIN_FUNC
                                    214 	.globl _P3_DIR_PU
                                    215 	.globl _P3_MOD_OC
                                    216 	.globl _P3
                                    217 	.globl _P2
                                    218 	.globl _P1_DIR_PU
                                    219 	.globl _P1_MOD_OC
                                    220 	.globl _P1
                                    221 	.globl _ROM_CTRL
                                    222 	.globl _ROM_DATA_H
                                    223 	.globl _ROM_DATA_L
                                    224 	.globl _ROM_DATA
                                    225 	.globl _ROM_ADDR_H
                                    226 	.globl _ROM_ADDR_L
                                    227 	.globl _ROM_ADDR
                                    228 	.globl _GPIO_IE
                                    229 	.globl _IP_EX
                                    230 	.globl _IE_EX
                                    231 	.globl _IP
                                    232 	.globl _IE
                                    233 	.globl _WDOG_COUNT
                                    234 	.globl _RESET_KEEP
                                    235 	.globl _WAKE_CTRL
                                    236 	.globl _CLOCK_CFG
                                    237 	.globl _PCON
                                    238 	.globl _GLOBAL_CFG
                                    239 	.globl _SAFE_MOD
                                    240 	.globl _DPH
                                    241 	.globl _DPL
                                    242 	.globl _SP
                                    243 	.globl _B
                                    244 	.globl _ACC
                                    245 	.globl _PSW
                                    246 	.globl _ICP_Send
                                    247 	.globl _ICP_Recv
                                    248 	.globl _ICP_Init
                                    249 	.globl _ICP_Enter
                                    250 	.globl _ICP_Write
                                    251 	.globl _ICP_Read
                                    252 	.globl _ICP_SetWire
                                    253 	.globl _ICP_Exit
                                    254 	.globl _ICP_FlashWrite
                                    255 	.globl _ICP_FlashRead
                                    256 ;--------------------------------------------------------
                                    257 ; special function registers
                                    258 ;--------------------------------------------------------
                                    259 	.area RSEG    (ABS,DATA)
      000000                        260 	.org 0x0000
                           0000D0   261 _PSW	=	0x00d0
                           0000E0   262 _ACC	=	0x00e0
                           0000F0   263 _B	=	0x00f0
                           000081   264 _SP	=	0x0081
                           000082   265 _DPL	=	0x0082
                           000083   266 _DPH	=	0x0083
                           0000A1   267 _SAFE_MOD	=	0x00a1
                           0000B1   268 _GLOBAL_CFG	=	0x00b1
                           000087   269 _PCON	=	0x0087
                           0000B9   270 _CLOCK_CFG	=	0x00b9
                           0000A9   271 _WAKE_CTRL	=	0x00a9
                           0000FE   272 _RESET_KEEP	=	0x00fe
                           0000FF   273 _WDOG_COUNT	=	0x00ff
                           0000A8   274 _IE	=	0x00a8
                           0000B8   275 _IP	=	0x00b8
                           0000E8   276 _IE_EX	=	0x00e8
                           0000E9   277 _IP_EX	=	0x00e9
                           0000C7   278 _GPIO_IE	=	0x00c7
                           008584   279 _ROM_ADDR	=	0x8584
                           000084   280 _ROM_ADDR_L	=	0x0084
                           000085   281 _ROM_ADDR_H	=	0x0085
                           008F8E   282 _ROM_DATA	=	0x8f8e
                           00008E   283 _ROM_DATA_L	=	0x008e
                           00008F   284 _ROM_DATA_H	=	0x008f
                           000086   285 _ROM_CTRL	=	0x0086
                           000090   286 _P1	=	0x0090
                           000092   287 _P1_MOD_OC	=	0x0092
                           000093   288 _P1_DIR_PU	=	0x0093
                           0000A0   289 _P2	=	0x00a0
                           0000B0   290 _P3	=	0x00b0
                           000096   291 _P3_MOD_OC	=	0x0096
                           000097   292 _P3_DIR_PU	=	0x0097
                           0000C6   293 _PIN_FUNC	=	0x00c6
                           0000A2   294 _XBUS_AUX	=	0x00a2
                           000088   295 _TCON	=	0x0088
                           000089   296 _TMOD	=	0x0089
                           00008A   297 _TL0	=	0x008a
                           00008B   298 _TL1	=	0x008b
                           00008C   299 _TH0	=	0x008c
                           00008D   300 _TH1	=	0x008d
                           000098   301 _SCON	=	0x0098
                           000099   302 _SBUF	=	0x0099
                           0000C8   303 _T2CON	=	0x00c8
                           0000C9   304 _T2MOD	=	0x00c9
                           00CBCA   305 _RCAP2	=	0xcbca
                           0000CA   306 _RCAP2L	=	0x00ca
                           0000CB   307 _RCAP2H	=	0x00cb
                           00CDCC   308 _T2COUNT	=	0xcdcc
                           0000CC   309 _TL2	=	0x00cc
                           0000CD   310 _TH2	=	0x00cd
                           00CFCE   311 _T2CAP1	=	0xcfce
                           0000CE   312 _T2CAP1L	=	0x00ce
                           0000CF   313 _T2CAP1H	=	0x00cf
                           00009B   314 _PWM_DATA2	=	0x009b
                           00009C   315 _PWM_DATA1	=	0x009c
                           00009D   316 _PWM_CTRL	=	0x009d
                           00009E   317 _PWM_CK_SE	=	0x009e
                           0000F8   318 _SPI0_STAT	=	0x00f8
                           0000F9   319 _SPI0_DATA	=	0x00f9
                           0000FA   320 _SPI0_CTRL	=	0x00fa
                           0000FB   321 _SPI0_CK_SE	=	0x00fb
                           0000FC   322 _SPI0_SETUP	=	0x00fc
                           0000C0   323 _SCON1	=	0x00c0
                           0000C1   324 _SBUF1	=	0x00c1
                           0000C2   325 _SBAUD1	=	0x00c2
                           000080   326 _ADC_CTRL	=	0x0080
                           00009A   327 _ADC_CFG	=	0x009a
                           00009F   328 _ADC_DATA	=	0x009f
                           0000C3   329 _TKEY_CTRL	=	0x00c3
                           00C5C4   330 _TKEY_DAT	=	0xc5c4
                           0000C4   331 _TKEY_DATL	=	0x00c4
                           0000C5   332 _TKEY_DATH	=	0x00c5
                           000091   333 _USB_C_CTRL	=	0x0091
                           0000D1   334 _UDEV_CTRL	=	0x00d1
                           0000D2   335 _UEP1_CTRL	=	0x00d2
                           0000D3   336 _UEP1_T_LEN	=	0x00d3
                           0000D4   337 _UEP2_CTRL	=	0x00d4
                           0000D5   338 _UEP2_T_LEN	=	0x00d5
                           0000D6   339 _UEP3_CTRL	=	0x00d6
                           0000D7   340 _UEP3_T_LEN	=	0x00d7
                           0000D8   341 _USB_INT_FG	=	0x00d8
                           0000D9   342 _USB_INT_ST	=	0x00d9
                           0000DA   343 _USB_MIS_ST	=	0x00da
                           0000DB   344 _USB_RX_LEN	=	0x00db
                           0000DC   345 _UEP0_CTRL	=	0x00dc
                           0000DD   346 _UEP0_T_LEN	=	0x00dd
                           0000DE   347 _UEP4_CTRL	=	0x00de
                           0000DF   348 _UEP4_T_LEN	=	0x00df
                           0000E1   349 _USB_INT_EN	=	0x00e1
                           0000E2   350 _USB_CTRL	=	0x00e2
                           0000E3   351 _USB_DEV_AD	=	0x00e3
                           00E5E4   352 _UEP2_DMA	=	0xe5e4
                           0000E4   353 _UEP2_DMA_L	=	0x00e4
                           0000E5   354 _UEP2_DMA_H	=	0x00e5
                           00E7E6   355 _UEP3_DMA	=	0xe7e6
                           0000E6   356 _UEP3_DMA_L	=	0x00e6
                           0000E7   357 _UEP3_DMA_H	=	0x00e7
                           0000EA   358 _UEP4_1_MOD	=	0x00ea
                           0000EB   359 _UEP2_3_MOD	=	0x00eb
                           00EDEC   360 _UEP0_DMA	=	0xedec
                           0000EC   361 _UEP0_DMA_L	=	0x00ec
                           0000ED   362 _UEP0_DMA_H	=	0x00ed
                           00EFEE   363 _UEP1_DMA	=	0xefee
                           0000EE   364 _UEP1_DMA_L	=	0x00ee
                           0000EF   365 _UEP1_DMA_H	=	0x00ef
                                    366 ;--------------------------------------------------------
                                    367 ; special function bits
                                    368 ;--------------------------------------------------------
                                    369 	.area RSEG    (ABS,DATA)
      000000                        370 	.org 0x0000
                           0000D7   371 _CY	=	0x00d7
                           0000D6   372 _AC	=	0x00d6
                           0000D5   373 _F0	=	0x00d5
                           0000D4   374 _RS1	=	0x00d4
                           0000D3   375 _RS0	=	0x00d3
                           0000D2   376 _OV	=	0x00d2
                           0000D1   377 _F1	=	0x00d1
                           0000D0   378 _P	=	0x00d0
                           0000AF   379 _EA	=	0x00af
                           0000AE   380 _E_DIS	=	0x00ae
                           0000AD   381 _ET2	=	0x00ad
                           0000AC   382 _ES	=	0x00ac
                           0000AB   383 _ET1	=	0x00ab
                           0000AA   384 _EX1	=	0x00aa
                           0000A9   385 _ET0	=	0x00a9
                           0000A8   386 _EX0	=	0x00a8
                           0000BF   387 _PH_FLAG	=	0x00bf
                           0000BE   388 _PL_FLAG	=	0x00be
                           0000BD   389 _PT2	=	0x00bd
                           0000BC   390 _PS	=	0x00bc
                           0000BB   391 _PT1	=	0x00bb
                           0000BA   392 _PX1	=	0x00ba
                           0000B9   393 _PT0	=	0x00b9
                           0000B8   394 _PX0	=	0x00b8
                           0000EF   395 _IE_WDOG	=	0x00ef
                           0000EE   396 _IE_GPIO	=	0x00ee
                           0000ED   397 _IE_PWMX	=	0x00ed
                           0000EC   398 _IE_UART1	=	0x00ec
                           0000EB   399 _IE_ADC	=	0x00eb
                           0000EA   400 _IE_USB	=	0x00ea
                           0000E9   401 _IE_TKEY	=	0x00e9
                           0000E8   402 _IE_SPI0	=	0x00e8
                           000097   403 _SCK	=	0x0097
                           000097   404 _TXD1	=	0x0097
                           000097   405 _TIN5	=	0x0097
                           000096   406 _MISO	=	0x0096
                           000096   407 _RXD1	=	0x0096
                           000096   408 _TIN4	=	0x0096
                           000095   409 _MOSI	=	0x0095
                           000095   410 _PWM1	=	0x0095
                           000095   411 _TIN3	=	0x0095
                           000095   412 _UCC2	=	0x0095
                           000095   413 _AIN2	=	0x0095
                           000094   414 _T2_	=	0x0094
                           000094   415 _CAP1_	=	0x0094
                           000094   416 _SCS	=	0x0094
                           000094   417 _TIN2	=	0x0094
                           000094   418 _UCC1	=	0x0094
                           000094   419 _AIN1	=	0x0094
                           000093   420 _TXD_	=	0x0093
                           000092   421 _RXD_	=	0x0092
                           000091   422 _T2EX	=	0x0091
                           000091   423 _CAP2	=	0x0091
                           000091   424 _TIN1	=	0x0091
                           000091   425 _VBUS2	=	0x0091
                           000091   426 _AIN0	=	0x0091
                           000090   427 _T2	=	0x0090
                           000090   428 _CAP1	=	0x0090
                           000090   429 _TIN0	=	0x0090
                           0000B7   430 _UDM	=	0x00b7
                           0000B6   431 _UDP	=	0x00b6
                           0000B5   432 _T1	=	0x00b5
                           0000B4   433 _PWM2	=	0x00b4
                           0000B4   434 _RXD1_	=	0x00b4
                           0000B4   435 _T0	=	0x00b4
                           0000B3   436 _INT1	=	0x00b3
                           0000B2   437 _TXD1_	=	0x00b2
                           0000B2   438 _INT0	=	0x00b2
                           0000B2   439 _VBUS1	=	0x00b2
                           0000B2   440 _AIN3	=	0x00b2
                           0000B1   441 _PWM2_	=	0x00b1
                           0000B1   442 _TXD	=	0x00b1
                           0000B0   443 _PWM1_	=	0x00b0
                           0000B0   444 _RXD	=	0x00b0
                           00008F   445 _TF1	=	0x008f
                           00008E   446 _TR1	=	0x008e
                           00008D   447 _TF0	=	0x008d
                           00008C   448 _TR0	=	0x008c
                           00008B   449 _IE1	=	0x008b
                           00008A   450 _IT1	=	0x008a
                           000089   451 _IE0	=	0x0089
                           000088   452 _IT0	=	0x0088
                           00009F   453 _SM0	=	0x009f
                           00009E   454 _SM1	=	0x009e
                           00009D   455 _SM2	=	0x009d
                           00009C   456 _REN	=	0x009c
                           00009B   457 _TB8	=	0x009b
                           00009A   458 _RB8	=	0x009a
                           000099   459 _TI	=	0x0099
                           000098   460 _RI	=	0x0098
                           0000CF   461 _TF2	=	0x00cf
                           0000CF   462 _CAP1F	=	0x00cf
                           0000CE   463 _EXF2	=	0x00ce
                           0000CD   464 _RCLK	=	0x00cd
                           0000CC   465 _TCLK	=	0x00cc
                           0000CB   466 _EXEN2	=	0x00cb
                           0000CA   467 _TR2	=	0x00ca
                           0000C9   468 _C_T2	=	0x00c9
                           0000C8   469 _CP_RL2	=	0x00c8
                           0000FF   470 _S0_FST_ACT	=	0x00ff
                           0000FE   471 _S0_IF_OV	=	0x00fe
                           0000FD   472 _S0_IF_FIRST	=	0x00fd
                           0000FC   473 _S0_IF_BYTE	=	0x00fc
                           0000FB   474 _S0_FREE	=	0x00fb
                           0000FA   475 _S0_T_FIFO	=	0x00fa
                           0000F8   476 _S0_R_FIFO	=	0x00f8
                           0000C7   477 _U1SM0	=	0x00c7
                           0000C5   478 _U1SMOD	=	0x00c5
                           0000C4   479 _U1REN	=	0x00c4
                           0000C3   480 _U1TB8	=	0x00c3
                           0000C2   481 _U1RB8	=	0x00c2
                           0000C1   482 _U1TI	=	0x00c1
                           0000C0   483 _U1RI	=	0x00c0
                           000087   484 _CMPO	=	0x0087
                           000086   485 _CMP_IF	=	0x0086
                           000085   486 _ADC_IF	=	0x0085
                           000084   487 _ADC_START	=	0x0084
                           000083   488 _CMP_CHAN	=	0x0083
                           000081   489 _ADC_CHAN1	=	0x0081
                           000080   490 _ADC_CHAN0	=	0x0080
                           0000DF   491 _U_IS_NAK	=	0x00df
                           0000DE   492 _U_TOG_OK	=	0x00de
                           0000DD   493 _U_SIE_FREE	=	0x00dd
                           0000DC   494 _UIF_FIFO_OV	=	0x00dc
                           0000DA   495 _UIF_SUSPEND	=	0x00da
                           0000D9   496 _UIF_TRANSFER	=	0x00d9
                           0000D8   497 _UIF_BUS_RST	=	0x00d8
                           0000B1   498 _NHC_SS_PIN	=	0x00b1
                           000095   499 _NHC_MOSI	=	0x0095
                           000095   500 _NHC_MOSI_R	=	0x0095
                           000097   501 _NHC_SCK	=	0x0097
                                    502 ;--------------------------------------------------------
                                    503 ; overlayable register banks
                                    504 ;--------------------------------------------------------
                                    505 	.area REG_BANK_0	(REL,OVR,DATA)
      000000                        506 	.ds 8
                                    507 ;--------------------------------------------------------
                                    508 ; internal ram data
                                    509 ;--------------------------------------------------------
                                    510 	.area DSEG    (DATA)
                                    511 ;--------------------------------------------------------
                                    512 ; overlayable items in internal ram 
                                    513 ;--------------------------------------------------------
                                    514 ;--------------------------------------------------------
                                    515 ; indirectly addressable internal ram data
                                    516 ;--------------------------------------------------------
                                    517 	.area ISEG    (DATA)
                                    518 ;--------------------------------------------------------
                                    519 ; absolute internal ram data
                                    520 ;--------------------------------------------------------
                                    521 	.area IABS    (ABS,DATA)
                                    522 	.area IABS    (ABS,DATA)
                                    523 ;--------------------------------------------------------
                                    524 ; bit data
                                    525 ;--------------------------------------------------------
                                    526 	.area BSEG    (BIT)
                                    527 ;--------------------------------------------------------
                                    528 ; paged external ram data
                                    529 ;--------------------------------------------------------
                                    530 	.area PSEG    (PAG,XDATA)
                                    531 ;--------------------------------------------------------
                                    532 ; external ram data
                                    533 ;--------------------------------------------------------
                                    534 	.area XSEG    (XDATA)
                                    535 ;--------------------------------------------------------
                                    536 ; absolute external ram data
                                    537 ;--------------------------------------------------------
                                    538 	.area XABS    (ABS,XDATA)
                                    539 ;--------------------------------------------------------
                                    540 ; external initialized ram data
                                    541 ;--------------------------------------------------------
                                    542 	.area XISEG   (XDATA)
                                    543 	.area HOME    (CODE)
                                    544 	.area GSINIT0 (CODE)
                                    545 	.area GSINIT1 (CODE)
                                    546 	.area GSINIT2 (CODE)
                                    547 	.area GSINIT3 (CODE)
                                    548 	.area GSINIT4 (CODE)
                                    549 	.area GSINIT5 (CODE)
                                    550 	.area GSINIT  (CODE)
                                    551 	.area GSFINAL (CODE)
                                    552 	.area CSEG    (CODE)
                                    553 ;--------------------------------------------------------
                                    554 ; global & static initialisations
                                    555 ;--------------------------------------------------------
                                    556 	.area HOME    (CODE)
                                    557 	.area GSINIT  (CODE)
                                    558 	.area GSFINAL (CODE)
                                    559 	.area GSINIT  (CODE)
                                    560 ;--------------------------------------------------------
                                    561 ; Home
                                    562 ;--------------------------------------------------------
                                    563 	.area HOME    (CODE)
                                    564 	.area HOME    (CODE)
                                    565 ;--------------------------------------------------------
                                    566 ; code
                                    567 ;--------------------------------------------------------
                                    568 	.area CSEG    (CODE)
                                    569 ;------------------------------------------------------------
                                    570 ;Allocation info for local variables in function 'ICP_Send'
                                    571 ;------------------------------------------------------------
                                    572 ;u8Data                    Allocated to registers r7 
                                    573 ;i                         Allocated to registers r6 
                                    574 ;------------------------------------------------------------
                                    575 ;	icp_n76e003.c:22: void ICP_Send(uint8_t u8Data) {
                                    576 ;	-----------------------------------------
                                    577 ;	 function ICP_Send
                                    578 ;	-----------------------------------------
      000000                        579 _ICP_Send:
                           000007   580 	ar7 = 0x07
                           000006   581 	ar6 = 0x06
                           000005   582 	ar5 = 0x05
                           000004   583 	ar4 = 0x04
                           000003   584 	ar3 = 0x03
                           000002   585 	ar2 = 0x02
                           000001   586 	ar1 = 0x01
                           000000   587 	ar0 = 0x00
      000000 AF 82            [24]  588 	mov	r7,dpl
                                    589 ;	icp_n76e003.c:26: P1_DIR_PU |= (1 << 5);
      000002 43 93 20         [24]  590 	orl	_P1_DIR_PU,#0x20
                                    591 ;	icp_n76e003.c:27: for(i=0; i<8; ++i) {
      000005 7E 00            [12]  592 	mov	r6,#0x00
      000007                        593 00105$:
                                    594 ;	icp_n76e003.c:28: if(u8Data&0x80) {
      000007 EF               [12]  595 	mov	a,r7
      000008 30 E7 04         [24]  596 	jnb	acc.7,00102$
                                    597 ;	icp_n76e003.c:29: NHC_MOSI=1;
      00000B D2 95            [12]  598 	setb	_NHC_MOSI
      00000D 80 02            [24]  599 	sjmp	00103$
      00000F                        600 00102$:
                                    601 ;	icp_n76e003.c:31: NHC_MOSI=0;
      00000F C2 95            [12]  602 	clr	_NHC_MOSI
      000011                        603 00103$:
                                    604 ;	icp_n76e003.c:34: __delay_us(1);
      000011 90 00 01         [24]  605 	mov	dptr,#0x0001
      000014 C0 07            [24]  606 	push	ar7
      000016 C0 06            [24]  607 	push	ar6
      000018 12r00r00         [24]  608 	lcall	___delay_us
                                    609 ;	icp_n76e003.c:35: NHC_SCK=1;
      00001B D2 97            [12]  610 	setb	_NHC_SCK
                                    611 ;	icp_n76e003.c:37: __delay_us(1);
      00001D 90 00 01         [24]  612 	mov	dptr,#0x0001
      000020 12r00r00         [24]  613 	lcall	___delay_us
      000023 D0 06            [24]  614 	pop	ar6
      000025 D0 07            [24]  615 	pop	ar7
                                    616 ;	icp_n76e003.c:38: NHC_SCK=0;
      000027 C2 97            [12]  617 	clr	_NHC_SCK
                                    618 ;	icp_n76e003.c:39: u8Data<<=1;
      000029 EF               [12]  619 	mov	a,r7
      00002A 2F               [12]  620 	add	a,r7
      00002B FF               [12]  621 	mov	r7,a
                                    622 ;	icp_n76e003.c:27: for(i=0; i<8; ++i) {
      00002C 0E               [12]  623 	inc	r6
      00002D BE 08 00         [24]  624 	cjne	r6,#0x08,00120$
      000030                        625 00120$:
      000030 40 D5            [24]  626 	jc	00105$
                                    627 ;	icp_n76e003.c:41: __delay_us(1);
      000032 90 00 01         [24]  628 	mov	dptr,#0x0001
      000035 02r00r00         [24]  629 	ljmp	___delay_us
                                    630 ;------------------------------------------------------------
                                    631 ;Allocation info for local variables in function 'ICP_Recv'
                                    632 ;------------------------------------------------------------
                                    633 ;u8Ack                     Allocated to registers r7 
                                    634 ;i                         Allocated to registers r5 
                                    635 ;ret                       Allocated to registers r6 
                                    636 ;------------------------------------------------------------
                                    637 ;	icp_n76e003.c:43: uint8_t ICP_Recv(uint8_t u8Ack) {
                                    638 ;	-----------------------------------------
                                    639 ;	 function ICP_Recv
                                    640 ;	-----------------------------------------
      000038                        641 _ICP_Recv:
      000038 AF 82            [24]  642 	mov	r7,dpl
                                    643 ;	icp_n76e003.c:44: uint8_t i, ret=0;
      00003A 7E 00            [12]  644 	mov	r6,#0x00
                                    645 ;	icp_n76e003.c:46: NHC_MOSI = 1;
      00003C D2 95            [12]  646 	setb	_NHC_MOSI
                                    647 ;	icp_n76e003.c:47: P1_DIR_PU &= ~(1 << 5);
      00003E AD 93            [24]  648 	mov	r5,_P1_DIR_PU
      000040 74 DF            [12]  649 	mov	a,#0xDF
      000042 5D               [12]  650 	anl	a,r5
      000043 F5 93            [12]  651 	mov	_P1_DIR_PU,a
                                    652 ;	icp_n76e003.c:49: for(i=0; i<8; ++i) {
      000045 7D 00            [12]  653 	mov	r5,#0x00
      000047                        654 00107$:
                                    655 ;	icp_n76e003.c:50: ret<<=1;
      000047 EE               [12]  656 	mov	a,r6
      000048 2E               [12]  657 	add	a,r6
      000049 FE               [12]  658 	mov	r6,a
                                    659 ;	icp_n76e003.c:51: NHC_SCK=1;
      00004A D2 97            [12]  660 	setb	_NHC_SCK
                                    661 ;	icp_n76e003.c:53: __delay_us(1);
      00004C 90 00 01         [24]  662 	mov	dptr,#0x0001
      00004F C0 07            [24]  663 	push	ar7
      000051 C0 06            [24]  664 	push	ar6
      000053 C0 05            [24]  665 	push	ar5
      000055 12r00r00         [24]  666 	lcall	___delay_us
      000058 D0 05            [24]  667 	pop	ar5
      00005A D0 06            [24]  668 	pop	ar6
      00005C D0 07            [24]  669 	pop	ar7
                                    670 ;	icp_n76e003.c:54: if(NHC_MOSI_R) {
      00005E 30 95 03         [24]  671 	jnb	_NHC_MOSI_R,00102$
                                    672 ;	icp_n76e003.c:55: ret|=0x01;
      000061 43 06 01         [24]  673 	orl	ar6,#0x01
      000064                        674 00102$:
                                    675 ;	icp_n76e003.c:57: NHC_SCK=0;
      000064 C2 97            [12]  676 	clr	_NHC_SCK
                                    677 ;	icp_n76e003.c:59: __delay_us(1);
      000066 90 00 01         [24]  678 	mov	dptr,#0x0001
      000069 C0 07            [24]  679 	push	ar7
      00006B C0 06            [24]  680 	push	ar6
      00006D C0 05            [24]  681 	push	ar5
      00006F 12r00r00         [24]  682 	lcall	___delay_us
      000072 D0 05            [24]  683 	pop	ar5
      000074 D0 06            [24]  684 	pop	ar6
      000076 D0 07            [24]  685 	pop	ar7
                                    686 ;	icp_n76e003.c:49: for(i=0; i<8; ++i) {
      000078 0D               [12]  687 	inc	r5
      000079 BD 08 00         [24]  688 	cjne	r5,#0x08,00125$
      00007C                        689 00125$:
      00007C 40 C9            [24]  690 	jc	00107$
                                    691 ;	icp_n76e003.c:63: P1_DIR_PU |= (1 << 5);
      00007E 43 93 20         [24]  692 	orl	_P1_DIR_PU,#0x20
                                    693 ;	icp_n76e003.c:64: if(u8Ack) {
      000081 EF               [12]  694 	mov	a,r7
      000082 60 04            [24]  695 	jz	00105$
                                    696 ;	icp_n76e003.c:65: NHC_MOSI=1;
      000084 D2 95            [12]  697 	setb	_NHC_MOSI
      000086 80 02            [24]  698 	sjmp	00106$
      000088                        699 00105$:
                                    700 ;	icp_n76e003.c:67: NHC_MOSI=0;
      000088 C2 95            [12]  701 	clr	_NHC_MOSI
      00008A                        702 00106$:
                                    703 ;	icp_n76e003.c:69: NHC_SCK=1;
      00008A D2 97            [12]  704 	setb	_NHC_SCK
                                    705 ;	icp_n76e003.c:71: __delay_us(1);
      00008C 90 00 01         [24]  706 	mov	dptr,#0x0001
      00008F C0 06            [24]  707 	push	ar6
      000091 12r00r00         [24]  708 	lcall	___delay_us
                                    709 ;	icp_n76e003.c:72: NHC_SCK=0;
      000094 C2 97            [12]  710 	clr	_NHC_SCK
                                    711 ;	icp_n76e003.c:74: __delay_us(1);
      000096 90 00 01         [24]  712 	mov	dptr,#0x0001
      000099 12r00r00         [24]  713 	lcall	___delay_us
      00009C D0 06            [24]  714 	pop	ar6
                                    715 ;	icp_n76e003.c:75: return ret;
      00009E 8E 82            [24]  716 	mov	dpl,r6
      0000A0 22               [24]  717 	ret
                                    718 ;------------------------------------------------------------
                                    719 ;Allocation info for local variables in function 'ICP_Init'
                                    720 ;------------------------------------------------------------
                                    721 ;	icp_n76e003.c:79: void ICP_Init(void) {
                                    722 ;	-----------------------------------------
                                    723 ;	 function ICP_Init
                                    724 ;	-----------------------------------------
      0000A1                        725 _ICP_Init:
                                    726 ;	icp_n76e003.c:82: NHC_SS_PIN=1;
      0000A1 D2 B1            [12]  727 	setb	_NHC_SS_PIN
                                    728 ;	icp_n76e003.c:83: NHC_MOSI=0;
      0000A3 C2 95            [12]  729 	clr	_NHC_MOSI
                                    730 ;	icp_n76e003.c:84: NHC_SCK=0;
      0000A5 C2 97            [12]  731 	clr	_NHC_SCK
                                    732 ;	icp_n76e003.c:89: P1_DIR_PU |= (1 << 5);
      0000A7 43 93 20         [24]  733 	orl	_P1_DIR_PU,#0x20
                                    734 ;	icp_n76e003.c:93: P1_DIR_PU |= (1 << 7);
      0000AA 43 93 80         [24]  735 	orl	_P1_DIR_PU,#0x80
                                    736 ;	icp_n76e003.c:95: __delay_ms(10);
      0000AD 90 00 0A         [24]  737 	mov	dptr,#0x000A
      0000B0 12r00r00         [24]  738 	lcall	___delay_ms
                                    739 ;	icp_n76e003.c:99: P3_DIR_PU |= (1 << 1);
      0000B3 43 97 02         [24]  740 	orl	_P3_DIR_PU,#0x02
                                    741 ;	icp_n76e003.c:101: NHC_SS_PIN=0;
      0000B6 C2 B1            [12]  742 	clr	_NHC_SS_PIN
                                    743 ;	icp_n76e003.c:103: __delay_ms(10);
      0000B8 90 00 0A         [24]  744 	mov	dptr,#0x000A
      0000BB 12r00r00         [24]  745 	lcall	___delay_ms
                                    746 ;	icp_n76e003.c:104: NHC_SS_PIN=1;
      0000BE D2 B1            [12]  747 	setb	_NHC_SS_PIN
                                    748 ;	icp_n76e003.c:106: __delay_ms(10);
      0000C0 90 00 0A         [24]  749 	mov	dptr,#0x000A
      0000C3 12r00r00         [24]  750 	lcall	___delay_ms
                                    751 ;	icp_n76e003.c:107: NHC_SS_PIN=0;
      0000C6 C2 B1            [12]  752 	clr	_NHC_SS_PIN
                                    753 ;	icp_n76e003.c:109: __delay_ms(10);
      0000C8 90 00 0A         [24]  754 	mov	dptr,#0x000A
      0000CB 12r00r00         [24]  755 	lcall	___delay_ms
                                    756 ;	icp_n76e003.c:110: NHC_SS_PIN=1;
      0000CE D2 B1            [12]  757 	setb	_NHC_SS_PIN
                                    758 ;	icp_n76e003.c:112: __delay_ms(10);
      0000D0 90 00 0A         [24]  759 	mov	dptr,#0x000A
      0000D3 12r00r00         [24]  760 	lcall	___delay_ms
                                    761 ;	icp_n76e003.c:113: NHC_SS_PIN=0;
      0000D6 C2 B1            [12]  762 	clr	_NHC_SS_PIN
                                    763 ;	icp_n76e003.c:115: __delay_ms(10);
      0000D8 90 00 0A         [24]  764 	mov	dptr,#0x000A
      0000DB 12r00r00         [24]  765 	lcall	___delay_ms
                                    766 ;	icp_n76e003.c:116: NHC_SS_PIN=1;
      0000DE D2 B1            [12]  767 	setb	_NHC_SS_PIN
                                    768 ;	icp_n76e003.c:118: __delay_ms(30);
      0000E0 90 00 1E         [24]  769 	mov	dptr,#0x001E
      0000E3 12r00r00         [24]  770 	lcall	___delay_ms
                                    771 ;	icp_n76e003.c:119: NHC_SS_PIN=0;
      0000E6 C2 B1            [12]  772 	clr	_NHC_SS_PIN
                                    773 ;	icp_n76e003.c:121: __delay_ms(40);
      0000E8 90 00 28         [24]  774 	mov	dptr,#0x0028
      0000EB 12r00r00         [24]  775 	lcall	___delay_ms
                                    776 ;	icp_n76e003.c:122: NHC_SS_PIN=1;
      0000EE D2 B1            [12]  777 	setb	_NHC_SS_PIN
                                    778 ;	icp_n76e003.c:124: __delay_ms(30);
      0000F0 90 00 1E         [24]  779 	mov	dptr,#0x001E
      0000F3 12r00r00         [24]  780 	lcall	___delay_ms
                                    781 ;	icp_n76e003.c:125: NHC_SS_PIN=0;
      0000F6 C2 B1            [12]  782 	clr	_NHC_SS_PIN
                                    783 ;	icp_n76e003.c:127: __delay_ms(20);
      0000F8 90 00 14         [24]  784 	mov	dptr,#0x0014
      0000FB 12r00r00         [24]  785 	lcall	___delay_ms
                                    786 ;	icp_n76e003.c:128: NHC_SS_PIN=1;
      0000FE D2 B1            [12]  787 	setb	_NHC_SS_PIN
                                    788 ;	icp_n76e003.c:130: __delay_ms(10);
      000100 90 00 0A         [24]  789 	mov	dptr,#0x000A
      000103 12r00r00         [24]  790 	lcall	___delay_ms
                                    791 ;	icp_n76e003.c:131: NHC_SS_PIN=0;
      000106 C2 B1            [12]  792 	clr	_NHC_SS_PIN
                                    793 ;	icp_n76e003.c:133: __delay_ms(10);
      000108 90 00 0A         [24]  794 	mov	dptr,#0x000A
      00010B 12r00r00         [24]  795 	lcall	___delay_ms
                                    796 ;	icp_n76e003.c:134: NHC_SS_PIN=1;
      00010E D2 B1            [12]  797 	setb	_NHC_SS_PIN
                                    798 ;	icp_n76e003.c:136: __delay_ms(20);
      000110 90 00 14         [24]  799 	mov	dptr,#0x0014
      000113 12r00r00         [24]  800 	lcall	___delay_ms
                                    801 ;	icp_n76e003.c:137: NHC_SS_PIN=0;
      000116 C2 B1            [12]  802 	clr	_NHC_SS_PIN
                                    803 ;	icp_n76e003.c:139: __delay_ms(10);
      000118 90 00 0A         [24]  804 	mov	dptr,#0x000A
      00011B 12r00r00         [24]  805 	lcall	___delay_ms
                                    806 ;	icp_n76e003.c:140: NHC_SS_PIN=1;
      00011E D2 B1            [12]  807 	setb	_NHC_SS_PIN
                                    808 ;	icp_n76e003.c:142: __delay_ms(20);
      000120 90 00 14         [24]  809 	mov	dptr,#0x0014
      000123 12r00r00         [24]  810 	lcall	___delay_ms
                                    811 ;	icp_n76e003.c:143: NHC_SS_PIN=0;
      000126 C2 B1            [12]  812 	clr	_NHC_SS_PIN
                                    813 ;	icp_n76e003.c:145: __delay_ms(10);
      000128 90 00 0A         [24]  814 	mov	dptr,#0x000A
      00012B 12r00r00         [24]  815 	lcall	___delay_ms
                                    816 ;	icp_n76e003.c:148: ICP_Send(0x5A);
      00012E 75 82 5A         [24]  817 	mov	dpl,#0x5A
      000131 12r00r00         [24]  818 	lcall	_ICP_Send
                                    819 ;	icp_n76e003.c:149: ICP_Send(0xA5);
      000134 75 82 A5         [24]  820 	mov	dpl,#0xA5
      000137 12r00r00         [24]  821 	lcall	_ICP_Send
                                    822 ;	icp_n76e003.c:150: ICP_Send(0x03);
      00013A 75 82 03         [24]  823 	mov	dpl,#0x03
      00013D 12r00r00         [24]  824 	lcall	_ICP_Send
                                    825 ;	icp_n76e003.c:152: __delay_ms(10);
      000140 90 00 0A         [24]  826 	mov	dptr,#0x000A
      000143 12r00r00         [24]  827 	lcall	___delay_ms
                                    828 ;	icp_n76e003.c:153: ICP_Send(0x00);
      000146 75 82 00         [24]  829 	mov	dpl,#0x00
      000149 12r00r00         [24]  830 	lcall	_ICP_Send
                                    831 ;	icp_n76e003.c:154: ICP_Send(0x00);
      00014C 75 82 00         [24]  832 	mov	dpl,#0x00
      00014F 12r00r00         [24]  833 	lcall	_ICP_Send
                                    834 ;	icp_n76e003.c:155: ICP_Send(0x0B);
      000152 75 82 0B         [24]  835 	mov	dpl,#0x0B
      000155 12r00r00         [24]  836 	lcall	_ICP_Send
                                    837 ;	icp_n76e003.c:156: u8TransBuff[0]=ICP_Recv(0x01);
      000158 75 82 01         [24]  838 	mov	dpl,#0x01
      00015B 12r00r38         [24]  839 	lcall	_ICP_Recv
      00015E AF 82            [24]  840 	mov	r7,dpl
      000160 90r00r00         [24]  841 	mov	dptr,#_u8TransBuff
      000163 EF               [12]  842 	mov	a,r7
      000164 F0               [24]  843 	movx	@dptr,a
                                    844 ;	icp_n76e003.c:158: ICP_Send(0x00);
      000165 75 82 00         [24]  845 	mov	dpl,#0x00
      000168 12r00r00         [24]  846 	lcall	_ICP_Send
                                    847 ;	icp_n76e003.c:159: ICP_Send(0x00);
      00016B 75 82 00         [24]  848 	mov	dpl,#0x00
      00016E 12r00r00         [24]  849 	lcall	_ICP_Send
                                    850 ;	icp_n76e003.c:160: ICP_Send(0x0C);
      000171 75 82 0C         [24]  851 	mov	dpl,#0x0C
      000174 12r00r00         [24]  852 	lcall	_ICP_Send
                                    853 ;	icp_n76e003.c:161: u8TransBuff[1]=ICP_Recv(0x01);
      000177 75 82 01         [24]  854 	mov	dpl,#0x01
      00017A 12r00r38         [24]  855 	lcall	_ICP_Recv
      00017D AF 82            [24]  856 	mov	r7,dpl
      00017F 90r00r01         [24]  857 	mov	dptr,#(_u8TransBuff + 0x0001)
      000182 EF               [12]  858 	mov	a,r7
      000183 F0               [24]  859 	movx	@dptr,a
                                    860 ;	icp_n76e003.c:163: ICP_Send(0x00);
      000184 75 82 00         [24]  861 	mov	dpl,#0x00
      000187 12r00r00         [24]  862 	lcall	_ICP_Send
                                    863 ;	icp_n76e003.c:164: ICP_Send(0x00);
      00018A 75 82 00         [24]  864 	mov	dpl,#0x00
      00018D 12r00r00         [24]  865 	lcall	_ICP_Send
                                    866 ;	icp_n76e003.c:165: ICP_Send(0x4C);
      000190 75 82 4C         [24]  867 	mov	dpl,#0x4C
      000193 12r00r00         [24]  868 	lcall	_ICP_Send
                                    869 ;	icp_n76e003.c:166: u8TransBuff[2]=ICP_Recv(0x01);
      000196 75 82 01         [24]  870 	mov	dpl,#0x01
      000199 12r00r38         [24]  871 	lcall	_ICP_Recv
      00019C AF 82            [24]  872 	mov	r7,dpl
      00019E 90r00r02         [24]  873 	mov	dptr,#(_u8TransBuff + 0x0002)
      0001A1 EF               [12]  874 	mov	a,r7
      0001A2 F0               [24]  875 	movx	@dptr,a
      0001A3 22               [24]  876 	ret
                                    877 ;------------------------------------------------------------
                                    878 ;Allocation info for local variables in function 'ICP_Enter'
                                    879 ;------------------------------------------------------------
                                    880 ;	icp_n76e003.c:174: void ICP_Enter(void) {
                                    881 ;	-----------------------------------------
                                    882 ;	 function ICP_Enter
                                    883 ;	-----------------------------------------
      0001A4                        884 _ICP_Enter:
                                    885 ;	icp_n76e003.c:177: NHC_SS_PIN=1;
      0001A4 D2 B1            [12]  886 	setb	_NHC_SS_PIN
                                    887 ;	icp_n76e003.c:178: NHC_MOSI=0;
      0001A6 C2 95            [12]  888 	clr	_NHC_MOSI
                                    889 ;	icp_n76e003.c:179: NHC_SCK=0;
      0001A8 C2 97            [12]  890 	clr	_NHC_SCK
                                    891 ;	icp_n76e003.c:184: P1_DIR_PU |= (1 << 5);
      0001AA 43 93 20         [24]  892 	orl	_P1_DIR_PU,#0x20
                                    893 ;	icp_n76e003.c:188: P1_DIR_PU |= (1 << 7);
      0001AD 43 93 80         [24]  894 	orl	_P1_DIR_PU,#0x80
                                    895 ;	icp_n76e003.c:190: __delay_ms(10);
      0001B0 90 00 0A         [24]  896 	mov	dptr,#0x000A
      0001B3 12r00r00         [24]  897 	lcall	___delay_ms
                                    898 ;	icp_n76e003.c:194: P3_DIR_PU |= (1 << 1);
      0001B6 43 97 02         [24]  899 	orl	_P3_DIR_PU,#0x02
                                    900 ;	icp_n76e003.c:196: NHC_SS_PIN=0;
      0001B9 C2 B1            [12]  901 	clr	_NHC_SS_PIN
                                    902 ;	icp_n76e003.c:198: __delay_ms(10);
      0001BB 90 00 0A         [24]  903 	mov	dptr,#0x000A
      0001BE 12r00r00         [24]  904 	lcall	___delay_ms
                                    905 ;	icp_n76e003.c:199: NHC_SS_PIN=1;
      0001C1 D2 B1            [12]  906 	setb	_NHC_SS_PIN
                                    907 ;	icp_n76e003.c:201: __delay_ms(10);
      0001C3 90 00 0A         [24]  908 	mov	dptr,#0x000A
      0001C6 12r00r00         [24]  909 	lcall	___delay_ms
                                    910 ;	icp_n76e003.c:202: NHC_SS_PIN=0;
      0001C9 C2 B1            [12]  911 	clr	_NHC_SS_PIN
                                    912 ;	icp_n76e003.c:204: __delay_ms(10);
      0001CB 90 00 0A         [24]  913 	mov	dptr,#0x000A
      0001CE 12r00r00         [24]  914 	lcall	___delay_ms
                                    915 ;	icp_n76e003.c:205: NHC_SS_PIN=1;
      0001D1 D2 B1            [12]  916 	setb	_NHC_SS_PIN
                                    917 ;	icp_n76e003.c:207: __delay_ms(10);
      0001D3 90 00 0A         [24]  918 	mov	dptr,#0x000A
      0001D6 12r00r00         [24]  919 	lcall	___delay_ms
                                    920 ;	icp_n76e003.c:208: NHC_SS_PIN=0;
      0001D9 C2 B1            [12]  921 	clr	_NHC_SS_PIN
                                    922 ;	icp_n76e003.c:210: __delay_ms(10);
      0001DB 90 00 0A         [24]  923 	mov	dptr,#0x000A
      0001DE 12r00r00         [24]  924 	lcall	___delay_ms
                                    925 ;	icp_n76e003.c:211: NHC_SS_PIN=1;
      0001E1 D2 B1            [12]  926 	setb	_NHC_SS_PIN
                                    927 ;	icp_n76e003.c:213: __delay_ms(30);
      0001E3 90 00 1E         [24]  928 	mov	dptr,#0x001E
      0001E6 12r00r00         [24]  929 	lcall	___delay_ms
                                    930 ;	icp_n76e003.c:214: NHC_SS_PIN=0;
      0001E9 C2 B1            [12]  931 	clr	_NHC_SS_PIN
                                    932 ;	icp_n76e003.c:216: __delay_ms(40);
      0001EB 90 00 28         [24]  933 	mov	dptr,#0x0028
      0001EE 12r00r00         [24]  934 	lcall	___delay_ms
                                    935 ;	icp_n76e003.c:217: NHC_SS_PIN=1;
      0001F1 D2 B1            [12]  936 	setb	_NHC_SS_PIN
                                    937 ;	icp_n76e003.c:219: __delay_ms(30);
      0001F3 90 00 1E         [24]  938 	mov	dptr,#0x001E
      0001F6 12r00r00         [24]  939 	lcall	___delay_ms
                                    940 ;	icp_n76e003.c:220: NHC_SS_PIN=0;
      0001F9 C2 B1            [12]  941 	clr	_NHC_SS_PIN
                                    942 ;	icp_n76e003.c:222: __delay_ms(20);
      0001FB 90 00 14         [24]  943 	mov	dptr,#0x0014
      0001FE 12r00r00         [24]  944 	lcall	___delay_ms
                                    945 ;	icp_n76e003.c:223: NHC_SS_PIN=1;
      000201 D2 B1            [12]  946 	setb	_NHC_SS_PIN
                                    947 ;	icp_n76e003.c:225: __delay_ms(10);
      000203 90 00 0A         [24]  948 	mov	dptr,#0x000A
      000206 12r00r00         [24]  949 	lcall	___delay_ms
                                    950 ;	icp_n76e003.c:226: NHC_SS_PIN=0;
      000209 C2 B1            [12]  951 	clr	_NHC_SS_PIN
                                    952 ;	icp_n76e003.c:228: __delay_ms(10);
      00020B 90 00 0A         [24]  953 	mov	dptr,#0x000A
      00020E 12r00r00         [24]  954 	lcall	___delay_ms
                                    955 ;	icp_n76e003.c:229: NHC_SS_PIN=1;
      000211 D2 B1            [12]  956 	setb	_NHC_SS_PIN
                                    957 ;	icp_n76e003.c:231: __delay_ms(20);
      000213 90 00 14         [24]  958 	mov	dptr,#0x0014
      000216 12r00r00         [24]  959 	lcall	___delay_ms
                                    960 ;	icp_n76e003.c:232: NHC_SS_PIN=0;
      000219 C2 B1            [12]  961 	clr	_NHC_SS_PIN
                                    962 ;	icp_n76e003.c:234: __delay_ms(10);
      00021B 90 00 0A         [24]  963 	mov	dptr,#0x000A
      00021E 12r00r00         [24]  964 	lcall	___delay_ms
                                    965 ;	icp_n76e003.c:235: NHC_SS_PIN=1;
      000221 D2 B1            [12]  966 	setb	_NHC_SS_PIN
                                    967 ;	icp_n76e003.c:237: __delay_ms(20);
      000223 90 00 14         [24]  968 	mov	dptr,#0x0014
      000226 12r00r00         [24]  969 	lcall	___delay_ms
                                    970 ;	icp_n76e003.c:238: NHC_SS_PIN=0;
      000229 C2 B1            [12]  971 	clr	_NHC_SS_PIN
                                    972 ;	icp_n76e003.c:240: __delay_ms(10);
      00022B 90 00 0A         [24]  973 	mov	dptr,#0x000A
      00022E 12r00r00         [24]  974 	lcall	___delay_ms
                                    975 ;	icp_n76e003.c:243: ICP_Send(0x5A);
      000231 75 82 5A         [24]  976 	mov	dpl,#0x5A
      000234 12r00r00         [24]  977 	lcall	_ICP_Send
                                    978 ;	icp_n76e003.c:244: ICP_Send(0xA5);
      000237 75 82 A5         [24]  979 	mov	dpl,#0xA5
      00023A 12r00r00         [24]  980 	lcall	_ICP_Send
                                    981 ;	icp_n76e003.c:245: ICP_Send(0x03);
      00023D 75 82 03         [24]  982 	mov	dpl,#0x03
      000240 12r00r00         [24]  983 	lcall	_ICP_Send
                                    984 ;	icp_n76e003.c:247: __delay_ms(10);
      000243 90 00 0A         [24]  985 	mov	dptr,#0x000A
      000246 02r00r00         [24]  986 	ljmp	___delay_ms
                                    987 ;------------------------------------------------------------
                                    988 ;Allocation info for local variables in function 'ICP_Write'
                                    989 ;------------------------------------------------------------
                                    990 ;i                         Allocated to registers r6 
                                    991 ;n                         Allocated to registers r7 
                                    992 ;------------------------------------------------------------
                                    993 ;	icp_n76e003.c:270: void ICP_Write(void) {
                                    994 ;	-----------------------------------------
                                    995 ;	 function ICP_Write
                                    996 ;	-----------------------------------------
      000249                        997 _ICP_Write:
                                    998 ;	icp_n76e003.c:272: n=u8ReceiveBuff[2];
      000249 90r00r02         [24]  999 	mov	dptr,#(_u8ReceiveBuff + 0x0002)
      00024C E0               [24] 1000 	movx	a,@dptr
      00024D FF               [12] 1001 	mov	r7,a
                                   1002 ;	icp_n76e003.c:273: for(i=0; i<n; ++i) {
      00024E 7E 00            [12] 1003 	mov	r6,#0x00
      000250                       1004 00103$:
      000250 C3               [12] 1005 	clr	c
      000251 EE               [12] 1006 	mov	a,r6
      000252 9F               [12] 1007 	subb	a,r7
      000253 50 1D            [24] 1008 	jnc	00105$
                                   1009 ;	icp_n76e003.c:274: ICP_Send(u8ReceiveBuff[3+i]);
      000255 74 03            [12] 1010 	mov	a,#0x03
      000257 2E               [12] 1011 	add	a,r6
      000258 24r00            [12] 1012 	add	a,#_u8ReceiveBuff
      00025A F5 82            [12] 1013 	mov	dpl,a
      00025C E4               [12] 1014 	clr	a
      00025D 34s00            [12] 1015 	addc	a,#(_u8ReceiveBuff >> 8)
      00025F F5 83            [12] 1016 	mov	dph,a
      000261 E0               [24] 1017 	movx	a,@dptr
      000262 F5 82            [12] 1018 	mov	dpl,a
      000264 C0 07            [24] 1019 	push	ar7
      000266 C0 06            [24] 1020 	push	ar6
      000268 12r00r00         [24] 1021 	lcall	_ICP_Send
      00026B D0 06            [24] 1022 	pop	ar6
      00026D D0 07            [24] 1023 	pop	ar7
                                   1024 ;	icp_n76e003.c:273: for(i=0; i<n; ++i) {
      00026F 0E               [12] 1025 	inc	r6
      000270 80 DE            [24] 1026 	sjmp	00103$
      000272                       1027 00105$:
      000272 22               [24] 1028 	ret
                                   1029 ;------------------------------------------------------------
                                   1030 ;Allocation info for local variables in function 'ICP_Read'
                                   1031 ;------------------------------------------------------------
                                   1032 ;i                         Allocated to registers r5 
                                   1033 ;n                         Allocated to registers r7 
                                   1034 ;ack                       Allocated to registers r6 
                                   1035 ;------------------------------------------------------------
                                   1036 ;	icp_n76e003.c:278: void ICP_Read(void) {
                                   1037 ;	-----------------------------------------
                                   1038 ;	 function ICP_Read
                                   1039 ;	-----------------------------------------
      000273                       1040 _ICP_Read:
                                   1041 ;	icp_n76e003.c:280: n=u8ReceiveBuff[2];
      000273 90r00r02         [24] 1042 	mov	dptr,#(_u8ReceiveBuff + 0x0002)
      000276 E0               [24] 1043 	movx	a,@dptr
      000277 FF               [12] 1044 	mov	r7,a
                                   1045 ;	icp_n76e003.c:281: ack=u8ReceiveBuff[3];
      000278 90r00r03         [24] 1046 	mov	dptr,#(_u8ReceiveBuff + 0x0003)
      00027B E0               [24] 1047 	movx	a,@dptr
      00027C FE               [12] 1048 	mov	r6,a
                                   1049 ;	icp_n76e003.c:283: for(i=0; i<n-1; ++i) {
      00027D 7D 00            [12] 1050 	mov	r5,#0x00
      00027F                       1051 00103$:
      00027F 8F 03            [24] 1052 	mov	ar3,r7
      000281 7C 00            [12] 1053 	mov	r4,#0x00
      000283 1B               [12] 1054 	dec	r3
      000284 BB FF 01         [24] 1055 	cjne	r3,#0xFF,00114$
      000287 1C               [12] 1056 	dec	r4
      000288                       1057 00114$:
      000288 8D 01            [24] 1058 	mov	ar1,r5
      00028A 7A 00            [12] 1059 	mov	r2,#0x00
      00028C C3               [12] 1060 	clr	c
      00028D E9               [12] 1061 	mov	a,r1
      00028E 9B               [12] 1062 	subb	a,r3
      00028F EA               [12] 1063 	mov	a,r2
      000290 64 80            [12] 1064 	xrl	a,#0x80
      000292 8C F0            [24] 1065 	mov	b,r4
      000294 63 F0 80         [24] 1066 	xrl	b,#0x80
      000297 95 F0            [12] 1067 	subb	a,b
      000299 50 2D            [24] 1068 	jnc	00101$
                                   1069 ;	icp_n76e003.c:284: u8TransBuff[i]=ICP_Recv(0);
      00029B ED               [12] 1070 	mov	a,r5
      00029C 24r00            [12] 1071 	add	a,#_u8TransBuff
      00029E FB               [12] 1072 	mov	r3,a
      00029F E4               [12] 1073 	clr	a
      0002A0 34s00            [12] 1074 	addc	a,#(_u8TransBuff >> 8)
      0002A2 FC               [12] 1075 	mov	r4,a
      0002A3 75 82 00         [24] 1076 	mov	dpl,#0x00
      0002A6 C0 07            [24] 1077 	push	ar7
      0002A8 C0 06            [24] 1078 	push	ar6
      0002AA C0 05            [24] 1079 	push	ar5
      0002AC C0 04            [24] 1080 	push	ar4
      0002AE C0 03            [24] 1081 	push	ar3
      0002B0 12r00r38         [24] 1082 	lcall	_ICP_Recv
      0002B3 AA 82            [24] 1083 	mov	r2,dpl
      0002B5 D0 03            [24] 1084 	pop	ar3
      0002B7 D0 04            [24] 1085 	pop	ar4
      0002B9 D0 05            [24] 1086 	pop	ar5
      0002BB D0 06            [24] 1087 	pop	ar6
      0002BD D0 07            [24] 1088 	pop	ar7
      0002BF 8B 82            [24] 1089 	mov	dpl,r3
      0002C1 8C 83            [24] 1090 	mov	dph,r4
      0002C3 EA               [12] 1091 	mov	a,r2
      0002C4 F0               [24] 1092 	movx	@dptr,a
                                   1093 ;	icp_n76e003.c:283: for(i=0; i<n-1; ++i) {
      0002C5 0D               [12] 1094 	inc	r5
      0002C6 80 B7            [24] 1095 	sjmp	00103$
      0002C8                       1096 00101$:
                                   1097 ;	icp_n76e003.c:287: u8TransBuff[n-1]=ICP_Recv(ack);
      0002C8 EF               [12] 1098 	mov	a,r7
      0002C9 14               [12] 1099 	dec	a
      0002CA 24r00            [12] 1100 	add	a,#_u8TransBuff
      0002CC FD               [12] 1101 	mov	r5,a
      0002CD E4               [12] 1102 	clr	a
      0002CE 34s00            [12] 1103 	addc	a,#(_u8TransBuff >> 8)
      0002D0 FF               [12] 1104 	mov	r7,a
      0002D1 8E 82            [24] 1105 	mov	dpl,r6
      0002D3 C0 07            [24] 1106 	push	ar7
      0002D5 C0 05            [24] 1107 	push	ar5
      0002D7 12r00r38         [24] 1108 	lcall	_ICP_Recv
      0002DA AE 82            [24] 1109 	mov	r6,dpl
      0002DC D0 05            [24] 1110 	pop	ar5
      0002DE D0 07            [24] 1111 	pop	ar7
      0002E0 8D 82            [24] 1112 	mov	dpl,r5
      0002E2 8F 83            [24] 1113 	mov	dph,r7
      0002E4 EE               [12] 1114 	mov	a,r6
      0002E5 F0               [24] 1115 	movx	@dptr,a
      0002E6 22               [24] 1116 	ret
                                   1117 ;------------------------------------------------------------
                                   1118 ;Allocation info for local variables in function 'ICP_SetWire'
                                   1119 ;------------------------------------------------------------
                                   1120 ;	icp_n76e003.c:292: void ICP_SetWire(void) {
                                   1121 ;	-----------------------------------------
                                   1122 ;	 function ICP_SetWire
                                   1123 ;	-----------------------------------------
      0002E7                       1124 _ICP_SetWire:
                                   1125 ;	icp_n76e003.c:293: if(u8ReceiveBuff[2]) {
      0002E7 90r00r02         [24] 1126 	mov	dptr,#(_u8ReceiveBuff + 0x0002)
      0002EA E0               [24] 1127 	movx	a,@dptr
      0002EB 60 04            [24] 1128 	jz	00102$
                                   1129 ;	icp_n76e003.c:294: NHC_MOSI=1;
      0002ED D2 95            [12] 1130 	setb	_NHC_MOSI
      0002EF 80 02            [24] 1131 	sjmp	00103$
      0002F1                       1132 00102$:
                                   1133 ;	icp_n76e003.c:296: NHC_MOSI=0;
      0002F1 C2 95            [12] 1134 	clr	_NHC_MOSI
      0002F3                       1135 00103$:
                                   1136 ;	icp_n76e003.c:298: if(u8ReceiveBuff[3]) {
      0002F3 90r00r03         [24] 1137 	mov	dptr,#(_u8ReceiveBuff + 0x0003)
      0002F6 E0               [24] 1138 	movx	a,@dptr
      0002F7 60 04            [24] 1139 	jz	00105$
                                   1140 ;	icp_n76e003.c:299: NHC_SCK=1;
      0002F9 D2 97            [12] 1141 	setb	_NHC_SCK
      0002FB 80 02            [24] 1142 	sjmp	00106$
      0002FD                       1143 00105$:
                                   1144 ;	icp_n76e003.c:301: NHC_SCK=0;
      0002FD C2 97            [12] 1145 	clr	_NHC_SCK
      0002FF                       1146 00106$:
                                   1147 ;	icp_n76e003.c:303: if(u8ReceiveBuff[4]) {
      0002FF 90r00r04         [24] 1148 	mov	dptr,#(_u8ReceiveBuff + 0x0004)
      000302 E0               [24] 1149 	movx	a,@dptr
      000303 60 03            [24] 1150 	jz	00108$
                                   1151 ;	icp_n76e003.c:304: NHC_SS_PIN=1;
      000305 D2 B1            [12] 1152 	setb	_NHC_SS_PIN
      000307 22               [24] 1153 	ret
      000308                       1154 00108$:
                                   1155 ;	icp_n76e003.c:306: NHC_SS_PIN=0;
      000308 C2 B1            [12] 1156 	clr	_NHC_SS_PIN
      00030A 22               [24] 1157 	ret
                                   1158 ;------------------------------------------------------------
                                   1159 ;Allocation info for local variables in function 'ICP_Exit'
                                   1160 ;------------------------------------------------------------
                                   1161 ;	icp_n76e003.c:310: void ICP_Exit(void) {
                                   1162 ;	-----------------------------------------
                                   1163 ;	 function ICP_Exit
                                   1164 ;	-----------------------------------------
      00030B                       1165 _ICP_Exit:
                                   1166 ;	icp_n76e003.c:314: P1_DIR_PU &= ~(1 << 5);
      00030B AF 93            [24] 1167 	mov	r7,_P1_DIR_PU
      00030D 74 DF            [12] 1168 	mov	a,#0xDF
      00030F 5F               [12] 1169 	anl	a,r7
      000310 F5 93            [12] 1170 	mov	_P1_DIR_PU,a
                                   1171 ;	icp_n76e003.c:315: NHC_MOSI = 1;
      000312 D2 95            [12] 1172 	setb	_NHC_MOSI
                                   1173 ;	icp_n76e003.c:319: P1_DIR_PU &= ~(1 << 7);
      000314 AF 93            [24] 1174 	mov	r7,_P1_DIR_PU
      000316 74 7F            [12] 1175 	mov	a,#0x7F
      000318 5F               [12] 1176 	anl	a,r7
      000319 F5 93            [12] 1177 	mov	_P1_DIR_PU,a
                                   1178 ;	icp_n76e003.c:320: NHC_SCK = 1;
      00031B D2 97            [12] 1179 	setb	_NHC_SCK
                                   1180 ;	icp_n76e003.c:324: P3_DIR_PU &= ~(1 << 1);
      00031D AF 97            [24] 1181 	mov	r7,_P3_DIR_PU
      00031F 74 FD            [12] 1182 	mov	a,#0xFD
      000321 5F               [12] 1183 	anl	a,r7
      000322 F5 97            [12] 1184 	mov	_P3_DIR_PU,a
                                   1185 ;	icp_n76e003.c:325: NHC_SS_PIN = 1;
      000324 D2 B1            [12] 1186 	setb	_NHC_SS_PIN
      000326 22               [24] 1187 	ret
                                   1188 ;------------------------------------------------------------
                                   1189 ;Allocation info for local variables in function 'ICP_FlashWrite'
                                   1190 ;------------------------------------------------------------
                                   1191 ;u8Time                    Allocated to registers r6 
                                   1192 ;n                         Allocated to registers r7 
                                   1193 ;i                         Allocated to registers r5 
                                   1194 ;j                         Allocated to registers r4 
                                   1195 ;------------------------------------------------------------
                                   1196 ;	icp_n76e003.c:328: void ICP_FlashWrite(void) {
                                   1197 ;	-----------------------------------------
                                   1198 ;	 function ICP_FlashWrite
                                   1199 ;	-----------------------------------------
      000327                       1200 _ICP_FlashWrite:
                                   1201 ;	icp_n76e003.c:330: n=u8ReceiveBuff[2];
      000327 90r00r02         [24] 1202 	mov	dptr,#(_u8ReceiveBuff + 0x0002)
      00032A E0               [24] 1203 	movx	a,@dptr
      00032B FF               [12] 1204 	mov	r7,a
                                   1205 ;	icp_n76e003.c:331: u8Time=u8ReceiveBuff[3];
      00032C 90r00r03         [24] 1206 	mov	dptr,#(_u8ReceiveBuff + 0x0003)
      00032F E0               [24] 1207 	movx	a,@dptr
      000330 FE               [12] 1208 	mov	r6,a
                                   1209 ;	icp_n76e003.c:332: for(i=0; i<n-1; ++i) {
      000331 7D 00            [12] 1210 	mov	r5,#0x00
      000333                       1211 00108$:
      000333 8F 03            [24] 1212 	mov	ar3,r7
      000335 7C 00            [12] 1213 	mov	r4,#0x00
      000337 1B               [12] 1214 	dec	r3
      000338 BB FF 01         [24] 1215 	cjne	r3,#0xFF,00136$
      00033B 1C               [12] 1216 	dec	r4
      00033C                       1217 00136$:
      00033C 8D 01            [24] 1218 	mov	ar1,r5
      00033E 7A 00            [12] 1219 	mov	r2,#0x00
      000340 C3               [12] 1220 	clr	c
      000341 E9               [12] 1221 	mov	a,r1
      000342 9B               [12] 1222 	subb	a,r3
      000343 EA               [12] 1223 	mov	a,r2
      000344 64 80            [12] 1224 	xrl	a,#0x80
      000346 8C F0            [24] 1225 	mov	b,r4
      000348 63 F0 80         [24] 1226 	xrl	b,#0x80
      00034B 95 F0            [12] 1227 	subb	a,b
      00034D 50 5F            [24] 1228 	jnc	00102$
                                   1229 ;	icp_n76e003.c:333: ICP_Send(u8ReceiveBuff[i+4]);
      00034F 74 04            [12] 1230 	mov	a,#0x04
      000351 2D               [12] 1231 	add	a,r5
      000352 24r00            [12] 1232 	add	a,#_u8ReceiveBuff
      000354 F5 82            [12] 1233 	mov	dpl,a
      000356 E4               [12] 1234 	clr	a
      000357 34s00            [12] 1235 	addc	a,#(_u8ReceiveBuff >> 8)
      000359 F5 83            [12] 1236 	mov	dph,a
      00035B E0               [24] 1237 	movx	a,@dptr
      00035C F5 82            [12] 1238 	mov	dpl,a
      00035E C0 07            [24] 1239 	push	ar7
      000360 C0 06            [24] 1240 	push	ar6
      000362 C0 05            [24] 1241 	push	ar5
      000364 12r00r00         [24] 1242 	lcall	_ICP_Send
      000367 D0 05            [24] 1243 	pop	ar5
      000369 D0 06            [24] 1244 	pop	ar6
      00036B D0 07            [24] 1245 	pop	ar7
                                   1246 ;	icp_n76e003.c:334: NHC_MOSI=0;
      00036D C2 95            [12] 1247 	clr	_NHC_MOSI
                                   1248 ;	icp_n76e003.c:336: for (j=0; j<u8Time; ++j)
      00036F 7C 00            [12] 1249 	mov	r4,#0x00
      000371                       1250 00105$:
      000371 C3               [12] 1251 	clr	c
      000372 EC               [12] 1252 	mov	a,r4
      000373 9E               [12] 1253 	subb	a,r6
      000374 50 19            [24] 1254 	jnc	00101$
                                   1255 ;	icp_n76e003.c:337: __delay_us(1);
      000376 90 00 01         [24] 1256 	mov	dptr,#0x0001
      000379 C0 07            [24] 1257 	push	ar7
      00037B C0 06            [24] 1258 	push	ar6
      00037D C0 05            [24] 1259 	push	ar5
      00037F C0 04            [24] 1260 	push	ar4
      000381 12r00r00         [24] 1261 	lcall	___delay_us
      000384 D0 04            [24] 1262 	pop	ar4
      000386 D0 05            [24] 1263 	pop	ar5
      000388 D0 06            [24] 1264 	pop	ar6
      00038A D0 07            [24] 1265 	pop	ar7
                                   1266 ;	icp_n76e003.c:336: for (j=0; j<u8Time; ++j)
      00038C 0C               [12] 1267 	inc	r4
      00038D 80 E2            [24] 1268 	sjmp	00105$
      00038F                       1269 00101$:
                                   1270 ;	icp_n76e003.c:339: __delay_us(1);
      00038F 90 00 01         [24] 1271 	mov	dptr,#0x0001
      000392 C0 07            [24] 1272 	push	ar7
      000394 C0 06            [24] 1273 	push	ar6
      000396 C0 05            [24] 1274 	push	ar5
      000398 12r00r00         [24] 1275 	lcall	___delay_us
                                   1276 ;	icp_n76e003.c:340: NHC_SCK=1;
      00039B D2 97            [12] 1277 	setb	_NHC_SCK
                                   1278 ;	icp_n76e003.c:342: __delay_us(1);
      00039D 90 00 01         [24] 1279 	mov	dptr,#0x0001
      0003A0 12r00r00         [24] 1280 	lcall	___delay_us
      0003A3 D0 05            [24] 1281 	pop	ar5
      0003A5 D0 06            [24] 1282 	pop	ar6
      0003A7 D0 07            [24] 1283 	pop	ar7
                                   1284 ;	icp_n76e003.c:343: NHC_SCK=0;
      0003A9 C2 97            [12] 1285 	clr	_NHC_SCK
                                   1286 ;	icp_n76e003.c:332: for(i=0; i<n-1; ++i) {
      0003AB 0D               [12] 1287 	inc	r5
      0003AC 80 85            [24] 1288 	sjmp	00108$
      0003AE                       1289 00102$:
                                   1290 ;	icp_n76e003.c:345: ICP_Send(u8ReceiveBuff[i+4]);
      0003AE 74 04            [12] 1291 	mov	a,#0x04
      0003B0 2D               [12] 1292 	add	a,r5
      0003B1 24r00            [12] 1293 	add	a,#_u8ReceiveBuff
      0003B3 F5 82            [12] 1294 	mov	dpl,a
      0003B5 E4               [12] 1295 	clr	a
      0003B6 34s00            [12] 1296 	addc	a,#(_u8ReceiveBuff >> 8)
      0003B8 F5 83            [12] 1297 	mov	dph,a
      0003BA E0               [24] 1298 	movx	a,@dptr
      0003BB F5 82            [12] 1299 	mov	dpl,a
      0003BD C0 06            [24] 1300 	push	ar6
      0003BF 12r00r00         [24] 1301 	lcall	_ICP_Send
      0003C2 D0 06            [24] 1302 	pop	ar6
                                   1303 ;	icp_n76e003.c:346: NHC_MOSI=0;
      0003C4 C2 95            [12] 1304 	clr	_NHC_MOSI
                                   1305 ;	icp_n76e003.c:348: for (j=0; j<u8Time; ++j)
      0003C6 7F 00            [12] 1306 	mov	r7,#0x00
      0003C8                       1307 00111$:
      0003C8 C3               [12] 1308 	clr	c
      0003C9 EF               [12] 1309 	mov	a,r7
      0003CA 9E               [12] 1310 	subb	a,r6
      0003CB 50 11            [24] 1311 	jnc	00103$
                                   1312 ;	icp_n76e003.c:349: __delay_us(1);
      0003CD 90 00 01         [24] 1313 	mov	dptr,#0x0001
      0003D0 C0 07            [24] 1314 	push	ar7
      0003D2 C0 06            [24] 1315 	push	ar6
      0003D4 12r00r00         [24] 1316 	lcall	___delay_us
      0003D7 D0 06            [24] 1317 	pop	ar6
      0003D9 D0 07            [24] 1318 	pop	ar7
                                   1319 ;	icp_n76e003.c:348: for (j=0; j<u8Time; ++j)
      0003DB 0F               [12] 1320 	inc	r7
      0003DC 80 EA            [24] 1321 	sjmp	00111$
      0003DE                       1322 00103$:
                                   1323 ;	icp_n76e003.c:350: NHC_MOSI=1;
      0003DE D2 95            [12] 1324 	setb	_NHC_MOSI
                                   1325 ;	icp_n76e003.c:352: __delay_us(1);
      0003E0 90 00 01         [24] 1326 	mov	dptr,#0x0001
      0003E3 12r00r00         [24] 1327 	lcall	___delay_us
                                   1328 ;	icp_n76e003.c:353: NHC_SCK=1;
      0003E6 D2 97            [12] 1329 	setb	_NHC_SCK
                                   1330 ;	icp_n76e003.c:355: __delay_us(1);
      0003E8 90 00 01         [24] 1331 	mov	dptr,#0x0001
      0003EB 12r00r00         [24] 1332 	lcall	___delay_us
                                   1333 ;	icp_n76e003.c:356: NHC_SCK=0;
      0003EE C2 97            [12] 1334 	clr	_NHC_SCK
      0003F0 22               [24] 1335 	ret
                                   1336 ;------------------------------------------------------------
                                   1337 ;Allocation info for local variables in function 'ICP_FlashRead'
                                   1338 ;------------------------------------------------------------
                                   1339 ;	icp_n76e003.c:358: void ICP_FlashRead(void) {
                                   1340 ;	-----------------------------------------
                                   1341 ;	 function ICP_FlashRead
                                   1342 ;	-----------------------------------------
      0003F1                       1343 _ICP_FlashRead:
                                   1344 ;	icp_n76e003.c:360: }
      0003F1 22               [24] 1345 	ret
                                   1346 	.area CSEG    (CODE)
                                   1347 	.area CONST   (CODE)
                                   1348 	.area XINIT   (CODE)
                                   1349 	.area CABS    (ABS,CODE)
